<?xml version="1.0" encoding="UTF-8"?>
<!-- Generated by org.testng.reporters.JUnitReportReporter -->
<testsuite hostname="Ramanathans-MacBook-Pro-2.local" failures="0" tests="1" name="FunctionalProject.New.ErrorValidation" time="82.346" errors="0" timestamp="2025-02-01T20:55:50 PST" skipped="0">
  <testcase classname="FunctionalProject.New.ErrorValidation" name="submitOrder" time="82.346"/>
</testsuite> <!-- FunctionalProject.New.ErrorValidation -->
