<?xml version="1.0" encoding="UTF-8"?>
<!-- Generated by org.testng.reporters.JUnitReportReporter -->
<testsuite hostname="Ramanathans-MacBook-Pro-2.local" failures="0" tests="1" name="Automation_Project1.Testcase2" time="8.530" errors="0" timestamp="2025-03-08T18:31:01 PST" skipped="0">
  <testcase classname="Automation_Project1.Testcase2" name="submitOrder" time="8.530"/>
</testsuite> <!-- Automation_Project1.Testcase2 -->
